<?xml version="1.0" encoding="UTF-8"?>
<testsuite name="SheepTests" tests="1" skipped="0" failures="0" errors="0" timestamp="2023-09-18T19:14:39" hostname="LAPTOP-R280DU6Q" time="0.001">
  <properties/>
  <testcase name="testSolution" classname="SheepTests" time="0.001"/>
  <system-out><![CDATA[]]></system-out>
  <system-err><![CDATA[]]></system-err>
</testsuite>
